<?xml version="1.0" encoding="UTF-8"?>
<testng-results ignored="0" total="5" passed="5" failed="0" skipped="0">
  <reporter-output>
  </reporter-output>
  <suite started-at="2022-12-14T13:06:02 IST" name="Default suite" finished-at="2022-12-14T13:06:02 IST" duration-ms="125">
    <groups>
      <group name="smokeTesting">
        <method signature="ToPerformGroupExecution.login()[pri:0, instance:com.timeKeeping.actiTime.SeleniumAutomation.basicTestCase.ToPerformGroupExecution@4de4b452]" name="login" class="com.timeKeeping.actiTime.SeleniumAutomation.basicTestCase.ToPerformGroupExecution"/>
        <method signature="ToPerformGroupExecution.logout()[pri:0, instance:com.timeKeeping.actiTime.SeleniumAutomation.basicTestCase.ToPerformGroupExecution@4de4b452]" name="logout" class="com.timeKeeping.actiTime.SeleniumAutomation.basicTestCase.ToPerformGroupExecution"/>
      </group> <!-- smokeTesting -->
      <group name="regressionTesting">
        <method signature="ToPerformGroupExecution.addToCart()[pri:0, instance:com.timeKeeping.actiTime.SeleniumAutomation.basicTestCase.ToPerformGroupExecution@4de4b452]" name="addToCart" class="com.timeKeeping.actiTime.SeleniumAutomation.basicTestCase.ToPerformGroupExecution"/>
        <method signature="ToPerformGroupExecution.payment()[pri:0, instance:com.timeKeeping.actiTime.SeleniumAutomation.basicTestCase.ToPerformGroupExecution@4de4b452]" name="payment" class="com.timeKeeping.actiTime.SeleniumAutomation.basicTestCase.ToPerformGroupExecution"/>
        <method signature="ToPerformGroupExecution.select()[pri:0, instance:com.timeKeeping.actiTime.SeleniumAutomation.basicTestCase.ToPerformGroupExecution@4de4b452]" name="select" class="com.timeKeeping.actiTime.SeleniumAutomation.basicTestCase.ToPerformGroupExecution"/>
      </group> <!-- regressionTesting -->
    </groups>
    <test started-at="2022-12-14T13:06:02 IST" name="Default test" finished-at="2022-12-14T13:06:02 IST" duration-ms="125">
      <class name="com.timeKeeping.actiTime.SeleniumAutomation.basicTestCase.ToPerformGroupExecution">
        <test-method signature="addToCart()[pri:0, instance:com.timeKeeping.actiTime.SeleniumAutomation.basicTestCase.ToPerformGroupExecution@4de4b452]" started-at="2022-12-14T13:06:02 IST" name="addToCart" finished-at="2022-12-14T13:06:02 IST" duration-ms="14" status="PASS">
          <reporter-output>
          </reporter-output>
        </test-method> <!-- addToCart -->
        <test-method signature="login()[pri:0, instance:com.timeKeeping.actiTime.SeleniumAutomation.basicTestCase.ToPerformGroupExecution@4de4b452]" started-at="2022-12-14T13:06:02 IST" name="login" finished-at="2022-12-14T13:06:02 IST" duration-ms="3" status="PASS">
          <reporter-output>
          </reporter-output>
        </test-method> <!-- login -->
        <test-method signature="logout()[pri:0, instance:com.timeKeeping.actiTime.SeleniumAutomation.basicTestCase.ToPerformGroupExecution@4de4b452]" started-at="2022-12-14T13:06:02 IST" name="logout" finished-at="2022-12-14T13:06:02 IST" duration-ms="3" status="PASS">
          <reporter-output>
          </reporter-output>
        </test-method> <!-- logout -->
        <test-method signature="payment()[pri:0, instance:com.timeKeeping.actiTime.SeleniumAutomation.basicTestCase.ToPerformGroupExecution@4de4b452]" started-at="2022-12-14T13:06:02 IST" name="payment" finished-at="2022-12-14T13:06:02 IST" duration-ms="3" status="PASS">
          <reporter-output>
          </reporter-output>
        </test-method> <!-- payment -->
        <test-method signature="select()[pri:0, instance:com.timeKeeping.actiTime.SeleniumAutomation.basicTestCase.ToPerformGroupExecution@4de4b452]" started-at="2022-12-14T13:06:02 IST" name="select" finished-at="2022-12-14T13:06:02 IST" duration-ms="4" status="PASS">
          <reporter-output>
          </reporter-output>
        </test-method> <!-- select -->
      </class> <!-- com.timeKeeping.actiTime.SeleniumAutomation.basicTestCase.ToPerformGroupExecution -->
    </test> <!-- Default test -->
  </suite> <!-- Default suite -->
</testng-results>
