<?xml version="1.0" encoding="UTF-8"?>
<!-- Generated by org.testng.reporters.JUnitXMLReporter -->
<testsuite ignored="2" hostname="DESKTOP-KOL8OGU" failures="0" tests="3" name="Test" time="0.102" errors="0" timestamp="2022-09-08T08:09:35 IST">
  <testcase classname="com.timeKeeping.actiTime.SeleniumAutomation.basicTestCase.ClassE" name="demo1" time="0.011"/>
  <testcase classname="com.timeKeeping.actiTime.SeleniumAutomation.basicTestCase.ClassE" name="demo2" time="0.003"/>
  <testcase classname="com.timeKeeping.actiTime.SeleniumAutomation.basicTestCase.ClassF" name="demo3" time="0.003"/>
  <testcase classname="com.timeKeeping.actiTime.SeleniumAutomation.genericUtility.BaseClass" name="@BeforeSuite bsConfig" time="0.0">
    <ignored/>
  </testcase> <!-- @BeforeSuite bsConfig -->
  <testcase classname="com.timeKeeping.actiTime.SeleniumAutomation.genericUtility.BaseClass" name="@AfterSuite asConfig" time="0.0">
    <ignored/>
  </testcase> <!-- @AfterSuite asConfig -->
</testsuite> <!-- Test -->
