<?xml version="1.0" encoding="UTF-8"?>
<!-- Generated by org.testng.reporters.JUnitXMLReporter -->
<testsuite ignored="0" hostname="DESKTOP-KOL8OGU" failures="0" tests="5" name="Default test" time="0.125" errors="0" timestamp="2022-12-14T13:06:02 IST">
  <testcase classname="com.timeKeeping.actiTime.SeleniumAutomation.basicTestCase.ToPerformGroupExecution" name="addToCart" time="0.014"/>
  <testcase classname="com.timeKeeping.actiTime.SeleniumAutomation.basicTestCase.ToPerformGroupExecution" name="login" time="0.003"/>
  <testcase classname="com.timeKeeping.actiTime.SeleniumAutomation.basicTestCase.ToPerformGroupExecution" name="logout" time="0.003"/>
  <testcase classname="com.timeKeeping.actiTime.SeleniumAutomation.basicTestCase.ToPerformGroupExecution" name="payment" time="0.003"/>
  <testcase classname="com.timeKeeping.actiTime.SeleniumAutomation.basicTestCase.ToPerformGroupExecution" name="select" time="0.004"/>
</testsuite> <!-- Default test -->
